<?xml version="1.0" encoding="UTF-8"?>
<!-- Generated by org.testng.reporters.JUnitXMLReporter -->
<testsuite ignored="0" hostname="LAPTOP-G78KK4VM" failures="0" tests="10" name="Test" time="113.931" errors="0" timestamp="2023-03-03T10:31:10 IST">
  <testcase classname="mavenprojectswaglabselenium.contiueShopping" name="ContinueShopping" time="0.435"/>
  <testcase classname="mavenprojectswaglabselenium.goToFacebook" name="scrollToFaceboook" time="5.533"/>
  <testcase classname="mavenprojectswaglabselenium.addToCart" name="clickOnCart" time="6.013"/>
  <testcase classname="mavenprojectswaglabselenium.LoginFail" name="launchingWeb" time="7.844"/>
  <testcase classname="mavenprojectswaglabselenium.goToLinkedin" name="scrollTwitter" time="6.187"/>
  <testcase classname="mavenprojectswaglabselenium.removeProduct" name="remove" time="1.588"/>
  <testcase classname="mavenprojectswaglabselenium.scrollToTwitter" name="scrollTwitter" time="8.1"/>
  <testcase classname="mavenprojectswaglabselenium.LoginSwag" name="launchingWeb" time="6.982"/>
  <testcase classname="mavenprojectswaglabselenium.ErrorMessage" name="ErrorMessageDisplayed" time="0.913"/>
  <testcase classname="mavenprojectswaglabselenium.backToHome" name="VerifyBackToHome" time="0.916"/>
</testsuite> <!-- Test -->
