<?xml version="1.0" encoding="UTF-8"?>
<testng-results ignored="0" total="10" passed="10" failed="0" skipped="0">
  <reporter-output>
  </reporter-output>
  <suite started-at="2023-03-03T10:29:16 IST" name="Suite" finished-at="2023-03-03T10:31:10 IST" duration-ms="113931">
    <groups>
    </groups>
    <test started-at="2023-03-03T10:29:16 IST" name="Test" finished-at="2023-03-03T10:31:10 IST" duration-ms="113931">
      <class name="mavenprojectswaglabselenium.goToLinkedin">
        <test-method is-config="true" signature="startBrowser()[pri:0, instance:mavenprojectswaglabselenium.goToLinkedin@59309333]" started-at="2023-03-03T10:29:39 IST" name="startBrowser" finished-at="2023-03-03T10:29:44 IST" duration-ms="4282" status="PASS">
          <reporter-output>
          </reporter-output>
        </test-method> <!-- startBrowser -->
        <test-method signature="scrollTwitter()[pri:0, instance:mavenprojectswaglabselenium.goToLinkedin@59309333]" started-at="2023-03-03T10:30:14 IST" name="scrollTwitter" finished-at="2023-03-03T10:30:20 IST" duration-ms="6187" status="PASS">
          <reporter-output>
          </reporter-output>
        </test-method> <!-- scrollTwitter -->
        <test-method is-config="true" signature="closeBrowser()[pri:0, instance:mavenprojectswaglabselenium.goToLinkedin@59309333]" started-at="2023-03-03T10:31:06 IST" name="closeBrowser" finished-at="2023-03-03T10:31:08 IST" duration-ms="1995" status="PASS">
          <reporter-output>
          </reporter-output>
        </test-method> <!-- closeBrowser -->
      </class> <!-- mavenprojectswaglabselenium.goToLinkedin -->
      <class name="mavenprojectswaglabselenium.addToCart">
        <test-method is-config="true" signature="startBrowser()[pri:0, instance:mavenprojectswaglabselenium.addToCart@12468a38]" started-at="2023-03-03T10:29:31 IST" name="startBrowser" finished-at="2023-03-03T10:29:35 IST" duration-ms="3982" status="PASS">
          <reporter-output>
          </reporter-output>
        </test-method> <!-- startBrowser -->
        <test-method signature="clickOnCart()[pri:0, instance:mavenprojectswaglabselenium.addToCart@12468a38]" started-at="2023-03-03T10:30:00 IST" name="clickOnCart" finished-at="2023-03-03T10:30:06 IST" duration-ms="6013" status="PASS">
          <reporter-output>
          </reporter-output>
        </test-method> <!-- clickOnCart -->
        <test-method is-config="true" signature="closeBrowser()[pri:0, instance:mavenprojectswaglabselenium.addToCart@12468a38]" started-at="2023-03-03T10:31:03 IST" name="closeBrowser" finished-at="2023-03-03T10:31:05 IST" duration-ms="1985" status="PASS">
          <reporter-output>
          </reporter-output>
        </test-method> <!-- closeBrowser -->
      </class> <!-- mavenprojectswaglabselenium.addToCart -->
      <class name="mavenprojectswaglabselenium.ErrorMessage">
        <test-method is-config="true" signature="setup()[pri:0, instance:mavenprojectswaglabselenium.ErrorMessage@6572421]" started-at="2023-03-03T10:30:43 IST" name="setup" finished-at="2023-03-03T10:30:50 IST" duration-ms="7424" status="PASS">
          <reporter-output>
          </reporter-output>
        </test-method> <!-- setup -->
        <test-method signature="ErrorMessageDisplayed()[pri:0, instance:mavenprojectswaglabselenium.ErrorMessage@6572421]" started-at="2023-03-03T10:30:50 IST" name="ErrorMessageDisplayed" finished-at="2023-03-03T10:30:51 IST" duration-ms="913" status="PASS">
          <reporter-output>
          </reporter-output>
        </test-method> <!-- ErrorMessageDisplayed -->
        <test-method is-config="true" signature="close()[pri:0, instance:mavenprojectswaglabselenium.ErrorMessage@6572421]" started-at="2023-03-03T10:30:51 IST" name="close" finished-at="2023-03-03T10:30:52 IST" duration-ms="404" status="PASS">
          <reporter-output>
          </reporter-output>
        </test-method> <!-- close -->
      </class> <!-- mavenprojectswaglabselenium.ErrorMessage -->
      <class name="mavenprojectswaglabselenium.LoginFail">
        <test-method is-config="true" signature="startBrowser()[pri:0, instance:mavenprojectswaglabselenium.LoginFail@1aa7ecca]" started-at="2023-03-03T10:29:16 IST" name="startBrowser" finished-at="2023-03-03T10:29:27 IST" duration-ms="10588" status="PASS">
          <reporter-output>
          </reporter-output>
        </test-method> <!-- startBrowser -->
        <test-method signature="launchingWeb()[pri:0, instance:mavenprojectswaglabselenium.LoginFail@1aa7ecca]" started-at="2023-03-03T10:30:06 IST" name="launchingWeb" finished-at="2023-03-03T10:30:14 IST" duration-ms="7844" status="PASS">
          <reporter-output>
          </reporter-output>
        </test-method> <!-- launchingWeb -->
        <test-method is-config="true" signature="closeBrowser()[pri:0, instance:mavenprojectswaglabselenium.LoginFail@1aa7ecca]" started-at="2023-03-03T10:30:59 IST" name="closeBrowser" finished-at="2023-03-03T10:31:01 IST" duration-ms="1708" status="PASS">
          <reporter-output>
          </reporter-output>
        </test-method> <!-- closeBrowser -->
      </class> <!-- mavenprojectswaglabselenium.LoginFail -->
      <class name="mavenprojectswaglabselenium.removeProduct">
        <test-method is-config="true" signature="setup()[pri:0, instance:mavenprojectswaglabselenium.removeProduct@5876a9af]" started-at="2023-03-03T10:30:20 IST" name="setup" finished-at="2023-03-03T10:30:26 IST" duration-ms="5944" status="PASS">
          <reporter-output>
          </reporter-output>
        </test-method> <!-- setup -->
        <test-method signature="remove()[pri:0, instance:mavenprojectswaglabselenium.removeProduct@5876a9af]" started-at="2023-03-03T10:30:26 IST" name="remove" finished-at="2023-03-03T10:30:28 IST" duration-ms="1588" status="PASS">
          <reporter-output>
          </reporter-output>
        </test-method> <!-- remove -->
        <test-method is-config="true" signature="close()[pri:0, instance:mavenprojectswaglabselenium.removeProduct@5876a9af]" started-at="2023-03-03T10:30:28 IST" name="close" finished-at="2023-03-03T10:30:28 IST" duration-ms="232" status="PASS">
          <reporter-output>
          </reporter-output>
        </test-method> <!-- close -->
      </class> <!-- mavenprojectswaglabselenium.removeProduct -->
      <class name="mavenprojectswaglabselenium.scrollToTwitter">
        <test-method is-config="true" signature="startBrowser()[pri:0, instance:mavenprojectswaglabselenium.scrollToTwitter@7ec7ffd3]" started-at="2023-03-03T10:29:44 IST" name="startBrowser" finished-at="2023-03-03T10:29:48 IST" duration-ms="4496" status="PASS">
          <reporter-output>
          </reporter-output>
        </test-method> <!-- startBrowser -->
        <test-method signature="scrollTwitter()[pri:0, instance:mavenprojectswaglabselenium.scrollToTwitter@7ec7ffd3]" started-at="2023-03-03T10:30:28 IST" name="scrollTwitter" finished-at="2023-03-03T10:30:36 IST" duration-ms="8100" status="PASS">
          <reporter-output>
          </reporter-output>
        </test-method> <!-- scrollTwitter -->
        <test-method is-config="true" signature="closeBrowser()[pri:0, instance:mavenprojectswaglabselenium.scrollToTwitter@7ec7ffd3]" started-at="2023-03-03T10:31:08 IST" name="closeBrowser" finished-at="2023-03-03T10:31:10 IST" duration-ms="2046" status="PASS">
          <reporter-output>
          </reporter-output>
        </test-method> <!-- closeBrowser -->
      </class> <!-- mavenprojectswaglabselenium.scrollToTwitter -->
      <class name="mavenprojectswaglabselenium.contiueShopping">
        <test-method is-config="true" signature="setup()[pri:0, instance:mavenprojectswaglabselenium.contiueShopping@f5ac9e4]" started-at="2023-03-03T10:29:48 IST" name="setup" finished-at="2023-03-03T10:29:54 IST" duration-ms="5482" status="PASS">
          <reporter-output>
          </reporter-output>
        </test-method> <!-- setup -->
        <test-method signature="ContinueShopping()[pri:0, instance:mavenprojectswaglabselenium.contiueShopping@f5ac9e4]" started-at="2023-03-03T10:29:54 IST" name="ContinueShopping" finished-at="2023-03-03T10:29:54 IST" duration-ms="435" status="PASS">
          <reporter-output>
          </reporter-output>
        </test-method> <!-- ContinueShopping -->
        <test-method is-config="true" signature="close()[pri:0, instance:mavenprojectswaglabselenium.contiueShopping@f5ac9e4]" started-at="2023-03-03T10:29:54 IST" name="close" finished-at="2023-03-03T10:29:55 IST" duration-ms="239" status="PASS">
          <reporter-output>
          </reporter-output>
        </test-method> <!-- close -->
      </class> <!-- mavenprojectswaglabselenium.contiueShopping -->
      <class name="mavenprojectswaglabselenium.LoginSwag">
        <test-method is-config="true" signature="startBrowser()[pri:0, instance:mavenprojectswaglabselenium.LoginSwag@5b239d7d]" started-at="2023-03-03T10:29:27 IST" name="startBrowser" finished-at="2023-03-03T10:29:31 IST" duration-ms="3821" status="PASS">
          <reporter-output>
          </reporter-output>
        </test-method> <!-- startBrowser -->
        <test-method signature="launchingWeb()[pri:0, instance:mavenprojectswaglabselenium.LoginSwag@5b239d7d]" started-at="2023-03-03T10:30:36 IST" name="launchingWeb" finished-at="2023-03-03T10:30:43 IST" duration-ms="6982" status="PASS">
          <reporter-output>
          </reporter-output>
        </test-method> <!-- launchingWeb -->
        <test-method is-config="true" signature="closeBrowser()[pri:0, instance:mavenprojectswaglabselenium.LoginSwag@5b239d7d]" started-at="2023-03-03T10:31:01 IST" name="closeBrowser" finished-at="2023-03-03T10:31:03 IST" duration-ms="1867" status="PASS">
          <reporter-output>
          </reporter-output>
        </test-method> <!-- closeBrowser -->
      </class> <!-- mavenprojectswaglabselenium.LoginSwag -->
      <class name="mavenprojectswaglabselenium.goToFacebook">
        <test-method is-config="true" signature="startBrowser()[pri:0, instance:mavenprojectswaglabselenium.goToFacebook@9f116cc]" started-at="2023-03-03T10:29:35 IST" name="startBrowser" finished-at="2023-03-03T10:29:39 IST" duration-ms="4487" status="PASS">
          <reporter-output>
          </reporter-output>
        </test-method> <!-- startBrowser -->
        <test-method signature="scrollToFaceboook()[pri:0, instance:mavenprojectswaglabselenium.goToFacebook@9f116cc]" started-at="2023-03-03T10:29:55 IST" name="scrollToFaceboook" finished-at="2023-03-03T10:30:00 IST" duration-ms="5533" status="PASS">
          <reporter-output>
          </reporter-output>
        </test-method> <!-- scrollToFaceboook -->
        <test-method is-config="true" signature="closeBrowser()[pri:0, instance:mavenprojectswaglabselenium.goToFacebook@9f116cc]" started-at="2023-03-03T10:31:05 IST" name="closeBrowser" finished-at="2023-03-03T10:31:06 IST" duration-ms="1779" status="PASS">
          <reporter-output>
          </reporter-output>
        </test-method> <!-- closeBrowser -->
      </class> <!-- mavenprojectswaglabselenium.goToFacebook -->
      <class name="mavenprojectswaglabselenium.backToHome">
        <test-method is-config="true" signature="setup()[pri:0, instance:mavenprojectswaglabselenium.backToHome@6b81ce95]" started-at="2023-03-03T10:30:52 IST" name="setup" finished-at="2023-03-03T10:30:58 IST" duration-ms="6092" status="PASS">
          <reporter-output>
          </reporter-output>
        </test-method> <!-- setup -->
        <test-method signature="VerifyBackToHome()[pri:0, instance:mavenprojectswaglabselenium.backToHome@6b81ce95]" started-at="2023-03-03T10:30:58 IST" name="VerifyBackToHome" finished-at="2023-03-03T10:30:59 IST" duration-ms="916" status="PASS">
          <reporter-output>
          </reporter-output>
        </test-method> <!-- VerifyBackToHome -->
        <test-method is-config="true" signature="close()[pri:0, instance:mavenprojectswaglabselenium.backToHome@6b81ce95]" started-at="2023-03-03T10:30:59 IST" name="close" finished-at="2023-03-03T10:30:59 IST" duration-ms="246" status="PASS">
          <reporter-output>
          </reporter-output>
        </test-method> <!-- close -->
      </class> <!-- mavenprojectswaglabselenium.backToHome -->
    </test> <!-- Test -->
  </suite> <!-- Suite -->
</testng-results>
